make all --print-data-base --no-builtin-variables --no-builtin-rules --question
# GNU Make 3.81
# Copyright (C) 2006  Free Software Foundation, Inc.
# This is free software; see the source for copying conditions.
# There is NO warranty; not even for MERCHANTABILITY or FITNESS FOR A
# PARTICULAR PURPOSE.

# This program built for i386-apple-darwin11.3.0

# Make data base, printed on Wed May 25 17:12:15 2022

# Variables

# automatic
<D = $(patsubst %/,%,$(dir $<))
# automatic
?F = $(notdir $?)
# environment
VSCODE_LOG_NATIVE = false
# automatic
?D = $(patsubst %/,%,$(dir $?))
# automatic
@D = $(patsubst %/,%,$(dir $@))
# automatic
@F = $(notdir $@)
# makefile
CURDIR := /Users/aouhadou/Desktop/philo/philo2
# makefile
SHELL = /bin/sh
# environment
VSCODE_NLS_CONFIG = {"locale":"en-us","availableLanguages":{},"_languagePackSupport":true}
# environment
_ = /usr/bin/make
# makefile (from `Makefile', line 1)
MAKEFILE_LIST :=  Makefile
# makefile (from `Makefile', line 6)
OBJ_FILE = $(SRC_FILE:.c=.o)
# environment
VSCODE_VERBOSE_LOGGING = true
# environment
VSCODE_IPC_HOOK_EXTHOST = /var/folders/zz/zyxvpxvq6csfxvn_n000ccrm003365/T/vscode-ipc-c950f534-e890-42ca-9a0b-58ddeb892742.sock
# environment
VSCODE_CWD = /
# environment
Apple_PubSub_Socket_Render = /private/tmp/com.apple.launchd.1Pm5nhmUbd/Render
# environment
PATH = /Users/aouhadou/goinfre/.brew/bin:/Users/aouhadou/.brew/bin:/Users/aouhadou/.brew/bin:/Users/aouhadou/.brew/bin:/usr/local/bin:/usr/bin:/bin:/usr/sbin:/sbin:/usr/local/munki:/Library/Frameworks/Mono.framework/Versions/Current/Commands
# environment
LSCOLORS = Gxfxcxdxbxegedabagacad
# environment
VSCODE_LOG_STACK = false
# environment
ELECTRON_RUN_AS_NODE = 1
# makefile (from `Makefile', line 3)
SRC_FILE = main.c errors.c utils.c ft_atoi.c
# default
.FEATURES := target-specific order-only second-expansion else-if archives jobserver check-symlink
# environment
SSH_AUTH_SOCK = /private/tmp/com.apple.launchd.Patq4JIJmx/Listeners
# automatic
%F = $(notdir $%)
# environment
VSCODE_PIPE_LOGGING = true
# environment
PWD = /Users/aouhadou/Desktop/philo/philo2
# environment
ORIGINAL_XDG_CURRENT_DESKTOP = undefined
# environment
VSCODE_AMD_ENTRYPOINT = vs/workbench/api/node/extensionHostProcess
# environment
HOME = /Users/aouhadou
# default
MAKEFILEPATH = $(shell /usr/bin/xcode-select -print-path 2>/dev/null || echo /Developer)/Makefiles
# environment
VSCODE_CODE_CACHE_PATH = /Users/aouhadou/Library/Application Support/Code/CachedData/57fd6d0195bb9b9d1b49f6da5db789060795de47
# environment
LOGNAME = aouhadou
# environment
APPLICATION_INSIGHTS_NO_DIAGNOSTIC_CHANNEL = 1
# environment
ZSH = /Users/aouhadou/.oh-my-zsh
# environment
VSCODE_HANDLES_UNCAUGHT_ERRORS = true
# automatic
^D = $(patsubst %/,%,$(dir $^))
# environment
XPC_FLAGS = 0x0
# default
MAKE = $(MAKE_COMMAND)
# default
MAKECMDGOALS := all
# environment
SHLVL = 1
# default
MAKE_VERSION := 3.81
# environment
USER = aouhadou
# makefile
.DEFAULT_GOAL := all
# makefile (from `Makefile', line 5)
NAME = philo
# environment
LESS = -R
# automatic
%D = $(patsubst %/,%,$(dir $%))
# default
MAKE_COMMAND := /Library/Developer/CommandLineTools/usr/bin/make
# default
.VARIABLES := 
# environment
TMPDIR = /var/folders/zz/zyxvpxvq6csfxvn_n000ccrm003365/T/
# automatic
*F = $(notdir $*)
# environment
VSCODE_IPC_HOOK = /Users/aouhadou/Library/Application Support/Code/1.67.0-main.sock
# makefile
MAKEFLAGS = Rrqp
# environment
MFLAGS = -Rrqp
# automatic
*D = $(patsubst %/,%,$(dir $*))
# environment
XPC_SERVICE_NAME = com.apple.xpc.launchd.oneshot.0x10000002.Electron
# automatic
+D = $(patsubst %/,%,$(dir $+))
# automatic
+F = $(notdir $+)
# environment
__CF_USER_TEXT_ENCODING = 0x18CC5:0x0:0x0
# environment
COMMAND_MODE = unix2003
# default
MAKEFILES := 
# environment
HOMEBREW_NO_AUTO_UPDATE = 1
# automatic
<F = $(notdir $<)
# environment
PAGER = less
# environment
LC_ALL = C
# makefile (from `Makefile', line 1)
HEADER = philosophers.h
# environment
SECURITYSESSIONID = 186a8
# automatic
^F = $(notdir $^)
# default
SUFFIXES := 
# default
.INCLUDE_DIRS = /usr/local/include
# environment
MAKELEVEL := 0
# environment
LANG = C
# environment
VSCODE_PID = 1170
# variable set hash-table stats:
# Load=72/1024=7%, Rehash=0, Collisions=3/103=3%

# Pattern-specific Variable Values

# No pattern-specific variable values.

# Directories

# . (device 16777227, inode 4770715): 14 files, no impossibilities.

# 14 files, no impossibilities in 1 directories.

# Implicit Rules

%.o: %.c philosophers.h
#  commands to execute (from `Makefile', line 13):
	gcc -Wall -Wextra -Werror  -c $<
	

# 1 implicit rules, 0 (0.0%) terminal.

# Files

all: philo
#  Phony target (prerequisite of .PHONY).
#  Command-line target.
#  Implicit rule search has not been done.
#  File does not exist.
#  File has been updated.
#  Successfully updated.
# variable set hash-table stats:
# Load=0/32=0%, Rehash=0, Collisions=0/0=0%

philo: main.o errors.o utils.o ft_atoi.o philosophers.h
#  Implicit rule search has not been done.
#  Last modified 2022-05-25 14:48:40
#  File has been updated.
#  Successfully updated.
# variable set hash-table stats:
# Load=0/32=0%, Rehash=0, Collisions=0/0=0%
#  commands to execute (from `Makefile', line 10):
	gcc -Wall -Wextra -Werror $(OBJ_FILE) -o $(NAME)
	

# Not a target:
philosophers.h:
#  Implicit rule search has been done.
#  Last modified 2022-05-25 13:56:51
#  File has been updated.
#  Successfully updated.
# variable set hash-table stats:
# Load=0/32=0%, Rehash=0, Collisions=0/0=0%

# Not a target:
utils.c:
#  Implicit rule search has been done.
#  Last modified 2022-05-23 11:37:00
#  File has been updated.
#  Successfully updated.
# variable set hash-table stats:
# Load=0/32=0%, Rehash=0, Collisions=0/0=0%

.PHONY: all clean fclean re
#  Implicit rule search has not been done.
#  Modification time never checked.
#  File has not been updated.

# Not a target:
main.c:
#  Implicit rule search has been done.
#  Last modified 2022-05-25 14:48:38
#  File has been updated.
#  Successfully updated.
# variable set hash-table stats:
# Load=0/32=0%, Rehash=0, Collisions=0/0=0%

# Not a target:
ft_atoi.c:
#  Implicit rule search has been done.
#  Last modified 2022-05-21 11:41:46
#  File has been updated.
#  Successfully updated.
# variable set hash-table stats:
# Load=0/32=0%, Rehash=0, Collisions=0/0=0%

# Not a target:
.SUFFIXES:
#  Implicit rule search has not been done.
#  Modification time never checked.
#  File has not been updated.

errors.o: errors.c philosophers.h
#  Implicit rule search has been done.
#  Implicit/static pattern stem: `errors'
#  Last modified 2022-05-25 13:58:11
#  File has been updated.
#  Successfully updated.
# variable set hash-table stats:
# Load=0/32=0%, Rehash=0, Collisions=0/0=0%
#  commands to execute (from `Makefile', line 13):
	gcc -Wall -Wextra -Werror  -c $<
	

# Not a target:
Makefile:
#  Implicit rule search has been done.
#  Last modified 2022-05-21 11:41:46
#  File has been updated.
#  Successfully updated.
# variable set hash-table stats:
# Load=0/32=0%, Rehash=0, Collisions=0/0=0%

fclean: clean
#  Phony target (prerequisite of .PHONY).
#  Implicit rule search has not been done.
#  File does not exist.
#  File has not been updated.
#  commands to execute (from `Makefile', line 19):
	rm -rf $(NAME)
	

# Not a target:
.DEFAULT:
#  Implicit rule search has not been done.
#  Modification time never checked.
#  File has not been updated.

# Not a target:
errors.c:
#  Implicit rule search has been done.
#  Last modified 2022-05-21 11:41:46
#  File has been updated.
#  Successfully updated.
# variable set hash-table stats:
# Load=0/32=0%, Rehash=0, Collisions=0/0=0%

re: fclean philo
#  Phony target (prerequisite of .PHONY).
#  Implicit rule search has not been done.
#  File does not exist.
#  File has not been updated.

clean:
#  Phony target (prerequisite of .PHONY).
#  Implicit rule search has not been done.
#  File does not exist.
#  File has not been updated.
#  commands to execute (from `Makefile', line 16):
	rm -f $(OBJ_FILE)
	

utils.o: utils.c philosophers.h
#  Implicit rule search has been done.
#  Implicit/static pattern stem: `utils'
#  Last modified 2022-05-25 13:58:11
#  File has been updated.
#  Successfully updated.
 
# variable set hash-table stats:
# Load=0/32=0%, Rehash=0, Collisions=0/0=0%
#  commands to execute (from `Makefile', line 13):
	gcc -Wall -Wextra -Werror  -c $<
	

main.o: main.c philosophers.h
#  Implicit rule search has been done.
#  Implicit/static pattern stem: `main'
#  Last modified 2022-05-25 14:48:40
#  File has been updated.
#  Successfully updated.
# variable set hash-table stats:
# Load=0/32=0%, Rehash=0, Collisions=0/0=0%
#  commands to execute (from `Makefile', line 13):
	gcc -Wall -Wextra -Werror  -c $<
	

ft_atoi.o: ft_atoi.c philosophers.h
#  Implicit rule search has been done.
#  Implicit/static pattern stem: `ft_atoi'
#  Last modified 2022-05-25 13:58:11
#  File has been updated.
#  Successfully updated.
# variable set hash-table stats:
# Load=0/32=0%, Rehash=0, Collisions=0/0=0%
#  commands to execute (from `Makefile', line 13):
	gcc -Wall -Wextra -Werror  -c $<
	

# files hash-table stats:
# Load=18/1024=2%, Rehash=0, Collisions=4/64=6%
# VPATH Search Paths

# No `vpath' search paths.

# No general (`VPATH' variable) search path.

# # of strings in strcache: 1
# # of strcache buffers: 1
# strcache size: total = 4096 / max = 4096 / min = 4096 / avg = 4096
# strcache free: total = 4087 / max = 4087 / min = 4087 / avg = 4087

# Finished Make data base on Wed May 25 17:12:15 2022

 
